<?xml version="1.0" encoding="UTF-8"?>
<!-- Generated by org.testng.reporters.JUnitReportReporter -->
<testsuite skipped="0" hostname="DESKTOP-L4EAA8R" name="config.Scenario2_Testcase" tests="1" failures="0" timestamp="2021-06-03T13:10:49 IST" time="42.727" errors="0">
  <testcase name="Invoice_validation" time="42.727" classname="config.Scenario2_Testcase"/>
</testsuite> <!-- config.Scenario2_Testcase -->
