<?xml version="1.0" encoding="UTF-8"?>
<!-- Generated by org.testng.reporters.JUnitReportReporter -->
<testsuite skipped="0" hostname="DESKTOP-L4EAA8R" name="config.Testcase" tests="1" failures="0" timestamp="2021-05-26T15:18:41 IST" time="42.087" errors="0">
  <testcase name="Click_submit_without_Fill_AnyData" time="42.087" classname="config.Testcase"/>
</testsuite> <!-- config.Testcase -->
